\BOOKMARK [0][-]{chapter.1}{Introduction}{}
\BOOKMARK [0][-]{chapter.2}{Quantum Magnetism and The Fermi-Hubbard model}{}
\BOOKMARK [0][-]{chapter.3}{Realizing the Fermi-Hubbard model with ultracold atoms}{}
\BOOKMARK [0][-]{chapter.4}{Measurement techniques}{}
\BOOKMARK [0][-]{chapter.5}{Experimental apparatus}{}
\BOOKMARK [0][-]{chapter.6}{Detection of antiferromagnetic correlations}{}
\BOOKMARK [0][-]{chapter.7}{Conclusion}{}
\BOOKMARK [0][-]{chapter.8}{Introduction}{}
\BOOKMARK [1][-]{section.8.1}{All-optical production of degenerate quantum gases}{chapter.8}
\BOOKMARK [1][-]{section.8.2}{Limit of laser cooling}{chapter.8}
\BOOKMARK [1][-]{section.8.3}{Outline of the thesis}{chapter.8}
\BOOKMARK [0][-]{chapter.9}{Description of the apparatus}{}
\BOOKMARK [1][-]{section.9.1}{Vacuum}{chapter.9}
\BOOKMARK [1][-]{section.9.2}{671 nm Magneto-optical trap}{chapter.9}
\BOOKMARK [2][-]{subsection.9.2.1}{Laser system}{section.9.2}
\BOOKMARK [2][-]{subsection.9.2.2}{Zeeman slower}{section.9.2}
\BOOKMARK [1][-]{section.9.3}{323 nm Magneto-optical trap}{chapter.9}
\BOOKMARK [2][-]{subsection.9.3.1}{Laser frequency stabilization}{section.9.3}
\BOOKMARK [2][-]{subsection.9.3.2}{Vapor cell for saturated absorption spectroscopy}{section.9.3}
\BOOKMARK [2][-]{subsection.9.3.3}{Beam waist and power balance}{section.9.3}
\BOOKMARK [1][-]{section.9.4}{Optical dipole trap}{chapter.9}
\BOOKMARK [1][-]{section.9.5}{Magnetic field}{chapter.9}
\BOOKMARK [2][-]{subsection.9.5.1}{Field control}{section.9.5}
\BOOKMARK [1][-]{section.9.6}{Diagnostics}{chapter.9}
\BOOKMARK [2][-]{subsection.9.6.1}{Fluorescence imaging}{section.9.6}
\BOOKMARK [2][-]{subsection.9.6.2}{Absorption imaging}{section.9.6}
\BOOKMARK [1][-]{section.9.7}{Control, automation, and data analysis}{chapter.9}
\BOOKMARK [0][-]{chapter.10}{Narrow linewidth 6Li magneto-optical trap}{}
\BOOKMARK [1][-]{section.10.1}{671 nm MOT}{chapter.10}
\BOOKMARK [1][-]{section.10.2}{323 nm MOT}{chapter.10}
\BOOKMARK [0][-]{chapter.11}{All-optical production of a degenerate Fermi gas}{}
\BOOKMARK [1][-]{section.11.1}{Evaporation near a Feshbach resonance}{chapter.11}
\BOOKMARK [1][-]{section.11.2}{Light shift measurement for our optical trap}{chapter.11}
\BOOKMARK [0][-]{chapter.12}{Conclusion}{}
\BOOKMARK [0][-]{section*.9}{BIBLIOGRAPHY}{}
